16:21:18.962 [main] INFO  c.e.s.SpringSecurityApplication - [logStarting,55] - Starting SpringSecurityApplication using Java 1.8.0_202 on LAPTOP-ODCTFKGC with PID 24632 (D:\project\java\Spring-Security\target\classes started by NingMeng in D:\project\java\Spring-Security)
16:21:18.969 [main] INFO  c.e.s.SpringSecurityApplication - [logStartupProfileInfo,640] - No active profile set, falling back to 1 default profile: "default"
16:21:21.597 [main] INFO  o.a.c.c.AprLifecycleListener - [log,173] - Loaded Apache Tomcat Native library [1.2.31] using APR version [1.7.0].
16:21:21.598 [main] INFO  o.a.c.c.AprLifecycleListener - [log,173] - APR capabilities: IPv6 [true], sendfile [true], accept filters [false], random [true], UDS [true].
16:21:21.634 [main] INFO  o.a.c.c.AprLifecycleListener - [log,173] - APR/OpenSSL configuration: useAprConnector [false], useOpenSSL [true]
16:21:21.639 [main] INFO  o.a.c.c.AprLifecycleListener - [log,173] - OpenSSL successfully initialized [OpenSSL 1.1.1l  24 Aug 2021]
16:21:21.651 [main] INFO  o.a.c.h.Http11NioProtocol - [log,173] - Initializing ProtocolHandler ["http-nio-8080"]
16:21:21.652 [main] INFO  o.a.c.c.StandardService - [log,173] - Starting service [Tomcat]
16:21:21.652 [main] INFO  o.a.c.c.StandardEngine - [log,173] - Starting Servlet engine: [Apache Tomcat/9.0.60]
16:21:21.974 [main] INFO  o.a.c.c.C.[.[.[/] - [log,173] - Initializing Spring embedded WebApplicationContext
16:21:24.650 [main] INFO  o.m.driver.cluster - [info,71] - Cluster created with settings {hosts=[127.0.0.1:27017], srvHost=cluster0.oyide.mongodb.net, mode=MULTIPLE, requiredClusterType=REPLICA_SET, serverSelectionTimeout='30000 ms', requiredReplicaSetName='atlas-6luvbt-shard-0'}
16:21:24.948 [cluster-ClusterId{value='626ba0048100f05cdf3a5800', description='null'}-srv-cluster0.oyide.mongodb.net] INFO  o.m.driver.cluster - [info,71] - Adding discovered server cluster0-shard-00-01.oyide.mongodb.net:27017 to client view of cluster
16:21:25.117 [cluster-ClusterId{value='626ba0048100f05cdf3a5800', description='null'}-srv-cluster0.oyide.mongodb.net] INFO  o.m.driver.cluster - [info,71] - Adding discovered server cluster0-shard-00-02.oyide.mongodb.net:27017 to client view of cluster
16:21:25.119 [cluster-ClusterId{value='626ba0048100f05cdf3a5800', description='null'}-srv-cluster0.oyide.mongodb.net] INFO  o.m.driver.cluster - [info,71] - Adding discovered server cluster0-shard-00-00.oyide.mongodb.net:27017 to client view of cluster
16:21:26.961 [cluster-rtt-ClusterId{value='626ba0048100f05cdf3a5800', description='null'}-cluster0-shard-00-00.oyide.mongodb.net:27017] INFO  o.m.d.connection - [info,71] - Opened connection [connectionId{localValue:2, serverValue:62953}] to cluster0-shard-00-00.oyide.mongodb.net:27017
16:21:26.961 [cluster-ClusterId{value='626ba0048100f05cdf3a5800', description='null'}-cluster0-shard-00-00.oyide.mongodb.net:27017] INFO  o.m.d.connection - [info,71] - Opened connection [connectionId{localValue:4, serverValue:62953}] to cluster0-shard-00-00.oyide.mongodb.net:27017
16:21:26.962 [cluster-ClusterId{value='626ba0048100f05cdf3a5800', description='null'}-cluster0-shard-00-00.oyide.mongodb.net:27017] INFO  o.m.driver.cluster - [info,71] - Monitor thread successfully connected to server with description ServerDescription{address=cluster0-shard-00-00.oyide.mongodb.net:27017, type=REPLICA_SET_SECONDARY, state=CONNECTED, ok=true, minWireVersion=0, maxWireVersion=13, maxDocumentSize=16777216, logicalSessionTimeoutMinutes=30, roundTripTimeNanos=438669200, setName='atlas-6luvbt-shard-0', canonicalAddress=cluster0-shard-00-00.oyide.mongodb.net:27017, hosts=[cluster0-shard-00-00.oyide.mongodb.net:27017, cluster0-shard-00-01.oyide.mongodb.net:27017, cluster0-shard-00-02.oyide.mongodb.net:27017], passives=[], arbiters=[], primary='cluster0-shard-00-01.oyide.mongodb.net:27017', tagSet=TagSet{[Tag{name='nodeType', value='ELECTABLE'}, Tag{name='provider', value='AWS'}, Tag{name='region', value='AP_SOUTHEAST_1'}, Tag{name='workloadType', value='OPERATIONAL'}]}, electionId=null, setVersion=7, topologyVersion=TopologyVersion{processId=6267fcf2ccc1a62046fb603c, counter=4}, lastWriteDate=Fri Apr 29 16:21:27 CST 2022, lastUpdateTimeNanos=86104136833600}
16:21:27.051 [cluster-rtt-ClusterId{value='626ba0048100f05cdf3a5800', description='null'}-cluster0-shard-00-02.oyide.mongodb.net:27017] INFO  o.m.d.connection - [info,71] - Opened connection [connectionId{localValue:5, serverValue:62921}] to cluster0-shard-00-02.oyide.mongodb.net:27017
16:21:27.137 [cluster-ClusterId{value='626ba0048100f05cdf3a5800', description='null'}-cluster0-shard-00-02.oyide.mongodb.net:27017] INFO  o.m.d.connection - [info,71] - Opened connection [connectionId{localValue:6, serverValue:62921}] to cluster0-shard-00-02.oyide.mongodb.net:27017
16:21:27.139 [cluster-ClusterId{value='626ba0048100f05cdf3a5800', description='null'}-cluster0-shard-00-02.oyide.mongodb.net:27017] INFO  o.m.driver.cluster - [info,71] - Monitor thread successfully connected to server with description ServerDescription{address=cluster0-shard-00-02.oyide.mongodb.net:27017, type=REPLICA_SET_SECONDARY, state=CONNECTED, ok=true, minWireVersion=0, maxWireVersion=13, maxDocumentSize=16777216, logicalSessionTimeoutMinutes=30, roundTripTimeNanos=339525800, setName='atlas-6luvbt-shard-0', canonicalAddress=cluster0-shard-00-02.oyide.mongodb.net:27017, hosts=[cluster0-shard-00-00.oyide.mongodb.net:27017, cluster0-shard-00-01.oyide.mongodb.net:27017, cluster0-shard-00-02.oyide.mongodb.net:27017], passives=[], arbiters=[], primary='cluster0-shard-00-01.oyide.mongodb.net:27017', tagSet=TagSet{[Tag{name='nodeType', value='ELECTABLE'}, Tag{name='provider', value='AWS'}, Tag{name='region', value='AP_SOUTHEAST_1'}, Tag{name='workloadType', value='OPERATIONAL'}]}, electionId=null, setVersion=7, topologyVersion=TopologyVersion{processId=6267fd959051f260f0d7f95e, counter=3}, lastWriteDate=Fri Apr 29 16:21:28 CST 2022, lastUpdateTimeNanos=86104316627000}
16:21:27.771 [main] INFO  o.a.c.h.Http11NioProtocol - [log,173] - Starting ProtocolHandler ["http-nio-8080"]
16:21:27.848 [main] INFO  c.e.s.SpringSecurityApplication - [logStarted,61] - Started SpringSecurityApplication in 9.855 seconds (JVM running for 12.403)
16:21:28.049 [cluster-ClusterId{value='626ba0048100f05cdf3a5800', description='null'}-cluster0-shard-00-01.oyide.mongodb.net:27017] INFO  o.m.d.connection - [info,71] - Opened connection [connectionId{localValue:3, serverValue:64261}] to cluster0-shard-00-01.oyide.mongodb.net:27017
16:21:28.049 [cluster-ClusterId{value='626ba0048100f05cdf3a5800', description='null'}-cluster0-shard-00-01.oyide.mongodb.net:27017] INFO  o.m.driver.cluster - [info,71] - Monitor thread successfully connected to server with description ServerDescription{address=cluster0-shard-00-01.oyide.mongodb.net:27017, type=REPLICA_SET_PRIMARY, state=CONNECTED, ok=true, minWireVersion=0, maxWireVersion=13, maxDocumentSize=16777216, logicalSessionTimeoutMinutes=30, roundTripTimeNanos=337331600, setName='atlas-6luvbt-shard-0', canonicalAddress=cluster0-shard-00-01.oyide.mongodb.net:27017, hosts=[cluster0-shard-00-00.oyide.mongodb.net:27017, cluster0-shard-00-01.oyide.mongodb.net:27017, cluster0-shard-00-02.oyide.mongodb.net:27017], passives=[], arbiters=[], primary='cluster0-shard-00-01.oyide.mongodb.net:27017', tagSet=TagSet{[Tag{name='nodeType', value='ELECTABLE'}, Tag{name='provider', value='AWS'}, Tag{name='region', value='AP_SOUTHEAST_1'}, Tag{name='workloadType', value='OPERATIONAL'}]}, electionId=7fffffff000000000000004d, setVersion=7, topologyVersion=TopologyVersion{processId=6267fd44d0921c354e00d37e, counter=6}, lastWriteDate=Fri Apr 29 16:21:28 CST 2022, lastUpdateTimeNanos=86105228272100}
16:21:28.050 [cluster-ClusterId{value='626ba0048100f05cdf3a5800', description='null'}-cluster0-shard-00-01.oyide.mongodb.net:27017] INFO  o.m.driver.cluster - [info,71] - Setting max election id to 7fffffff000000000000004d from replica set primary cluster0-shard-00-01.oyide.mongodb.net:27017
16:21:28.051 [cluster-ClusterId{value='626ba0048100f05cdf3a5800', description='null'}-cluster0-shard-00-01.oyide.mongodb.net:27017] INFO  o.m.driver.cluster - [info,71] - Setting max set version to 7 from replica set primary cluster0-shard-00-01.oyide.mongodb.net:27017
16:21:28.051 [cluster-ClusterId{value='626ba0048100f05cdf3a5800', description='null'}-cluster0-shard-00-01.oyide.mongodb.net:27017] INFO  o.m.driver.cluster - [info,71] - Discovered replica set primary cluster0-shard-00-01.oyide.mongodb.net:27017
16:21:37.757 [cluster-rtt-ClusterId{value='626ba0048100f05cdf3a5800', description='null'}-cluster0-shard-00-01.oyide.mongodb.net:27017] INFO  o.m.d.connection - [info,71] - Opened connection [connectionId{localValue:1, serverValue:64272}] to cluster0-shard-00-01.oyide.mongodb.net:27017
17:21:30.845 [cluster-ClusterId{value='626ba0048100f05cdf3a5800', description='null'}-cluster0-shard-00-01.oyide.mongodb.net:27017] INFO  o.m.driver.cluster - [info,76] - Exception in monitor thread while connecting to server cluster0-shard-00-01.oyide.mongodb.net:27017
com.mongodb.MongoSocketReadTimeoutException: Timeout while receiving message
	at com.mongodb.internal.connection.InternalStreamConnection.translateReadException(InternalStreamConnection.java:701)
	at com.mongodb.internal.connection.InternalStreamConnection.receiveMessageWithAdditionalTimeout(InternalStreamConnection.java:579)
	at com.mongodb.internal.connection.InternalStreamConnection.receiveCommandMessageResponse(InternalStreamConnection.java:415)
	at com.mongodb.internal.connection.InternalStreamConnection.receive(InternalStreamConnection.java:374)
	at com.mongodb.internal.connection.DefaultServerMonitor$ServerMonitorRunnable.lookupServerDescription(DefaultServerMonitor.java:216)
	at com.mongodb.internal.connection.DefaultServerMonitor$ServerMonitorRunnable.run(DefaultServerMonitor.java:152)
	at java.lang.Thread.run(Thread.java:748)
Caused by: java.net.SocketTimeoutException: Read timed out
	at java.net.SocketInputStream.socketRead0(Native Method)
	at java.net.SocketInputStream.socketRead(SocketInputStream.java:116)
	at java.net.SocketInputStream.read(SocketInputStream.java:171)
	at java.net.SocketInputStream.read(SocketInputStream.java:141)
	at sun.security.ssl.InputRecord.readFully(InputRecord.java:465)
	at sun.security.ssl.InputRecord.read(InputRecord.java:503)
	at sun.security.ssl.SSLSocketImpl.readRecord(SSLSocketImpl.java:975)
	at sun.security.ssl.SSLSocketImpl.readDataRecord(SSLSocketImpl.java:933)
	at sun.security.ssl.AppInputStream.read(AppInputStream.java:105)
	at com.mongodb.internal.connection.SocketStream.read(SocketStream.java:109)
	at com.mongodb.internal.connection.SocketStream.read(SocketStream.java:131)
	at com.mongodb.internal.connection.InternalStreamConnection.receiveResponseBuffers(InternalStreamConnection.java:718)
	at com.mongodb.internal.connection.InternalStreamConnection.receiveMessageWithAdditionalTimeout(InternalStreamConnection.java:576)
	... 5 common frames omitted
17:21:32.711 [cluster-ClusterId{value='626ba0048100f05cdf3a5800', description='null'}-cluster0-shard-00-01.oyide.mongodb.net:27017] INFO  o.m.d.connection - [info,71] - Opened connection [connectionId{localValue:7, serverValue:65170}] to cluster0-shard-00-01.oyide.mongodb.net:27017
17:21:32.712 [cluster-ClusterId{value='626ba0048100f05cdf3a5800', description='null'}-cluster0-shard-00-01.oyide.mongodb.net:27017] INFO  o.m.driver.cluster - [info,71] - Monitor thread successfully connected to server with description ServerDescription{address=cluster0-shard-00-01.oyide.mongodb.net:27017, type=REPLICA_SET_PRIMARY, state=CONNECTED, ok=true, minWireVersion=0, maxWireVersion=13, maxDocumentSize=16777216, logicalSessionTimeoutMinutes=30, roundTripTimeNanos=237033100, setName='atlas-6luvbt-shard-0', canonicalAddress=cluster0-shard-00-01.oyide.mongodb.net:27017, hosts=[cluster0-shard-00-00.oyide.mongodb.net:27017, cluster0-shard-00-01.oyide.mongodb.net:27017, cluster0-shard-00-02.oyide.mongodb.net:27017], passives=[], arbiters=[], primary='cluster0-shard-00-01.oyide.mongodb.net:27017', tagSet=TagSet{[Tag{name='nodeType', value='ELECTABLE'}, Tag{name='provider', value='AWS'}, Tag{name='region', value='AP_SOUTHEAST_1'}, Tag{name='workloadType', value='OPERATIONAL'}]}, electionId=7fffffff000000000000004d, setVersion=7, topologyVersion=TopologyVersion{processId=6267fd44d0921c354e00d37e, counter=6}, lastWriteDate=Fri Apr 29 17:21:33 CST 2022, lastUpdateTimeNanos=89709890842600}
17:21:32.713 [cluster-ClusterId{value='626ba0048100f05cdf3a5800', description='null'}-cluster0-shard-00-01.oyide.mongodb.net:27017] INFO  o.m.driver.cluster - [info,71] - Discovered replica set primary cluster0-shard-00-01.oyide.mongodb.net:27017
17:39:35.136 [cluster-rtt-ClusterId{value='626ba0048100f05cdf3a5800', description='null'}-cluster0-shard-00-01.oyide.mongodb.net:27017] INFO  o.m.d.connection - [info,71] - Opened connection [connectionId{localValue:8, serverValue:65450}] to cluster0-shard-00-01.oyide.mongodb.net:27017
