09:09:47.555 [cluster-ClusterId{value='626ba0048100f05cdf3a5800', description='null'}-cluster0-shard-00-00.oyide.mongodb.net:27017] INFO  o.m.driver.cluster - [info,76] - Exception in monitor thread while connecting to server cluster0-shard-00-00.oyide.mongodb.net:27017
com.mongodb.MongoSocketReadException: Exception receiving message
	at com.mongodb.internal.connection.InternalStreamConnection.translateReadException(InternalStreamConnection.java:707)
	at com.mongodb.internal.connection.InternalStreamConnection.receiveMessageWithAdditionalTimeout(InternalStreamConnection.java:579)
	at com.mongodb.internal.connection.InternalStreamConnection.receiveCommandMessageResponse(InternalStreamConnection.java:415)
	at com.mongodb.internal.connection.InternalStreamConnection.receive(InternalStreamConnection.java:374)
	at com.mongodb.internal.connection.DefaultServerMonitor$ServerMonitorRunnable.lookupServerDescription(DefaultServerMonitor.java:216)
	at com.mongodb.internal.connection.DefaultServerMonitor$ServerMonitorRunnable.run(DefaultServerMonitor.java:152)
	at java.lang.Thread.run(Thread.java:748)
Caused by: java.net.SocketException: Socket Closed
	at java.net.AbstractPlainSocketImpl.setOption(AbstractPlainSocketImpl.java:212)
	at java.net.PlainSocketImpl.setOption(PlainSocketImpl.java:176)
	at java.net.Socket.setSoTimeout(Socket.java:1141)
	at sun.security.ssl.BaseSSLSocketImpl.setSoTimeout(BaseSSLSocketImpl.java:631)
	at sun.security.ssl.SSLSocketImpl.setSoTimeout(SSLSocketImpl.java:2556)
	at com.mongodb.internal.connection.SocketStream.read(SocketStream.java:133)
	at com.mongodb.internal.connection.InternalStreamConnection.receiveResponseBuffers(InternalStreamConnection.java:718)
	at com.mongodb.internal.connection.InternalStreamConnection.receiveMessageWithAdditionalTimeout(InternalStreamConnection.java:576)
	... 5 common frames omitted
09:09:47.563 [cluster-ClusterId{value='626ba0048100f05cdf3a5800', description='null'}-cluster0-shard-00-02.oyide.mongodb.net:27017] INFO  o.m.driver.cluster - [info,76] - Exception in monitor thread while connecting to server cluster0-shard-00-02.oyide.mongodb.net:27017
com.mongodb.MongoSocketReadException: Exception receiving message
	at com.mongodb.internal.connection.InternalStreamConnection.translateReadException(InternalStreamConnection.java:707)
	at com.mongodb.internal.connection.InternalStreamConnection.receiveMessageWithAdditionalTimeout(InternalStreamConnection.java:579)
	at com.mongodb.internal.connection.InternalStreamConnection.receiveCommandMessageResponse(InternalStreamConnection.java:415)
	at com.mongodb.internal.connection.InternalStreamConnection.receive(InternalStreamConnection.java:374)
	at com.mongodb.internal.connection.DefaultServerMonitor$ServerMonitorRunnable.lookupServerDescription(DefaultServerMonitor.java:216)
	at com.mongodb.internal.connection.DefaultServerMonitor$ServerMonitorRunnable.run(DefaultServerMonitor.java:152)
	at java.lang.Thread.run(Thread.java:748)
Caused by: java.net.SocketException: Socket Closed
	at java.net.AbstractPlainSocketImpl.setOption(AbstractPlainSocketImpl.java:212)
	at java.net.PlainSocketImpl.setOption(PlainSocketImpl.java:176)
	at java.net.Socket.setSoTimeout(Socket.java:1141)
	at sun.security.ssl.BaseSSLSocketImpl.setSoTimeout(BaseSSLSocketImpl.java:631)
	at sun.security.ssl.SSLSocketImpl.setSoTimeout(SSLSocketImpl.java:2556)
	at com.mongodb.internal.connection.SocketStream.read(SocketStream.java:133)
	at com.mongodb.internal.connection.InternalStreamConnection.receiveResponseBuffers(InternalStreamConnection.java:718)
	at com.mongodb.internal.connection.InternalStreamConnection.receiveMessageWithAdditionalTimeout(InternalStreamConnection.java:576)
	... 5 common frames omitted
09:09:47.557 [cluster-ClusterId{value='626ba0048100f05cdf3a5800', description='null'}-cluster0-shard-00-01.oyide.mongodb.net:27017] INFO  o.m.driver.cluster - [info,76] - Exception in monitor thread while connecting to server cluster0-shard-00-01.oyide.mongodb.net:27017
com.mongodb.MongoSocketReadException: Exception receiving message
	at com.mongodb.internal.connection.InternalStreamConnection.translateReadException(InternalStreamConnection.java:707)
	at com.mongodb.internal.connection.InternalStreamConnection.receiveMessageWithAdditionalTimeout(InternalStreamConnection.java:579)
	at com.mongodb.internal.connection.InternalStreamConnection.receiveCommandMessageResponse(InternalStreamConnection.java:415)
	at com.mongodb.internal.connection.InternalStreamConnection.receive(InternalStreamConnection.java:374)
	at com.mongodb.internal.connection.DefaultServerMonitor$ServerMonitorRunnable.lookupServerDescription(DefaultServerMonitor.java:216)
	at com.mongodb.internal.connection.DefaultServerMonitor$ServerMonitorRunnable.run(DefaultServerMonitor.java:152)
	at java.lang.Thread.run(Thread.java:748)
Caused by: java.net.SocketException: Socket Closed
	at java.net.AbstractPlainSocketImpl.setOption(AbstractPlainSocketImpl.java:212)
	at java.net.PlainSocketImpl.setOption(PlainSocketImpl.java:176)
	at java.net.Socket.setSoTimeout(Socket.java:1141)
	at sun.security.ssl.BaseSSLSocketImpl.setSoTimeout(BaseSSLSocketImpl.java:631)
	at sun.security.ssl.SSLSocketImpl.setSoTimeout(SSLSocketImpl.java:2556)
	at com.mongodb.internal.connection.SocketStream.read(SocketStream.java:133)
	at com.mongodb.internal.connection.InternalStreamConnection.receiveResponseBuffers(InternalStreamConnection.java:718)
	at com.mongodb.internal.connection.InternalStreamConnection.receiveMessageWithAdditionalTimeout(InternalStreamConnection.java:576)
	... 5 common frames omitted
09:09:47.724 [cluster-ClusterId{value='626ba0048100f05cdf3a5800', description='null'}-cluster0-shard-00-02.oyide.mongodb.net:27017] INFO  o.m.driver.cluster - [info,76] - Exception in monitor thread while connecting to server cluster0-shard-00-02.oyide.mongodb.net:27017
com.mongodb.MongoSocketException: cluster0-shard-00-02.oyide.mongodb.net
	at com.mongodb.ServerAddress.getSocketAddresses(ServerAddress.java:211)
	at com.mongodb.internal.connection.SocketStream.initializeSocket(SocketStream.java:75)
	at com.mongodb.internal.connection.SocketStream.open(SocketStream.java:65)
	at com.mongodb.internal.connection.InternalStreamConnection.open(InternalStreamConnection.java:180)
	at com.mongodb.internal.connection.DefaultServerMonitor$ServerMonitorRunnable.lookupServerDescription(DefaultServerMonitor.java:188)
	at com.mongodb.internal.connection.DefaultServerMonitor$ServerMonitorRunnable.run(DefaultServerMonitor.java:152)
	at java.lang.Thread.run(Thread.java:748)
Caused by: java.net.UnknownHostException: cluster0-shard-00-02.oyide.mongodb.net
	at java.net.Inet6AddressImpl.lookupAllHostAddr(Native Method)
	at java.net.InetAddress$2.lookupAllHostAddr(InetAddress.java:929)
	at java.net.InetAddress.getAddressesFromNameService(InetAddress.java:1324)
	at java.net.InetAddress.getAllByName0(InetAddress.java:1277)
	at java.net.InetAddress.getAllByName(InetAddress.java:1193)
	at java.net.InetAddress.getAllByName(InetAddress.java:1127)
	at com.mongodb.ServerAddress.getSocketAddresses(ServerAddress.java:203)
	... 6 common frames omitted
09:09:49.601 [cluster-ClusterId{value='626ba0048100f05cdf3a5800', description='null'}-cluster0-shard-00-00.oyide.mongodb.net:27017] INFO  o.m.driver.cluster - [info,76] - Exception in monitor thread while connecting to server cluster0-shard-00-00.oyide.mongodb.net:27017
com.mongodb.MongoSocketException: cluster0-shard-00-00.oyide.mongodb.net
	at com.mongodb.ServerAddress.getSocketAddresses(ServerAddress.java:211)
	at com.mongodb.internal.connection.SocketStream.initializeSocket(SocketStream.java:75)
	at com.mongodb.internal.connection.SocketStream.open(SocketStream.java:65)
	at com.mongodb.internal.connection.InternalStreamConnection.open(InternalStreamConnection.java:180)
	at com.mongodb.internal.connection.DefaultServerMonitor$ServerMonitorRunnable.lookupServerDescription(DefaultServerMonitor.java:188)
	at com.mongodb.internal.connection.DefaultServerMonitor$ServerMonitorRunnable.run(DefaultServerMonitor.java:152)
	at java.lang.Thread.run(Thread.java:748)
Caused by: java.net.UnknownHostException: cluster0-shard-00-00.oyide.mongodb.net
	at java.net.Inet6AddressImpl.lookupAllHostAddr(Native Method)
	at java.net.InetAddress$2.lookupAllHostAddr(InetAddress.java:929)
	at java.net.InetAddress.getAddressesFromNameService(InetAddress.java:1324)
	at java.net.InetAddress.getAllByName0(InetAddress.java:1277)
	at java.net.InetAddress.getAllByName(InetAddress.java:1193)
	at java.net.InetAddress.getAllByName(InetAddress.java:1127)
	at com.mongodb.ServerAddress.getSocketAddresses(ServerAddress.java:203)
	... 6 common frames omitted
09:09:49.602 [cluster-ClusterId{value='626ba0048100f05cdf3a5800', description='null'}-cluster0-shard-00-01.oyide.mongodb.net:27017] INFO  o.m.driver.cluster - [info,76] - Exception in monitor thread while connecting to server cluster0-shard-00-01.oyide.mongodb.net:27017
com.mongodb.MongoSocketException: cluster0-shard-00-01.oyide.mongodb.net
	at com.mongodb.ServerAddress.getSocketAddresses(ServerAddress.java:211)
	at com.mongodb.internal.connection.SocketStream.initializeSocket(SocketStream.java:75)
	at com.mongodb.internal.connection.SocketStream.open(SocketStream.java:65)
	at com.mongodb.internal.connection.InternalStreamConnection.open(InternalStreamConnection.java:180)
	at com.mongodb.internal.connection.DefaultServerMonitor$ServerMonitorRunnable.lookupServerDescription(DefaultServerMonitor.java:188)
	at com.mongodb.internal.connection.DefaultServerMonitor$ServerMonitorRunnable.run(DefaultServerMonitor.java:152)
	at java.lang.Thread.run(Thread.java:748)
Caused by: java.net.UnknownHostException: cluster0-shard-00-01.oyide.mongodb.net
	at java.net.Inet6AddressImpl.lookupAllHostAddr(Native Method)
	at java.net.InetAddress$2.lookupAllHostAddr(InetAddress.java:929)
	at java.net.InetAddress.getAddressesFromNameService(InetAddress.java:1324)
	at java.net.InetAddress.getAllByName0(InetAddress.java:1277)
	at java.net.InetAddress.getAllByName(InetAddress.java:1193)
	at java.net.InetAddress.getAllByName(InetAddress.java:1127)
	at com.mongodb.ServerAddress.getSocketAddresses(ServerAddress.java:203)
	... 6 common frames omitted
09:10:00.331 [cluster-ClusterId{value='626ba0048100f05cdf3a5800', description='null'}-cluster0-shard-00-01.oyide.mongodb.net:27017] INFO  o.m.d.connection - [info,71] - Opened connection [connectionId{localValue:17, serverValue:189482}] to cluster0-shard-00-01.oyide.mongodb.net:27017
09:10:00.331 [cluster-ClusterId{value='626ba0048100f05cdf3a5800', description='null'}-cluster0-shard-00-01.oyide.mongodb.net:27017] INFO  o.m.driver.cluster - [info,71] - Monitor thread successfully connected to server with description ServerDescription{address=cluster0-shard-00-01.oyide.mongodb.net:27017, type=REPLICA_SET_PRIMARY, state=CONNECTED, ok=true, minWireVersion=0, maxWireVersion=13, maxDocumentSize=16777216, logicalSessionTimeoutMinutes=30, roundTripTimeNanos=252331400, setName='atlas-6luvbt-shard-0', canonicalAddress=cluster0-shard-00-01.oyide.mongodb.net:27017, hosts=[cluster0-shard-00-00.oyide.mongodb.net:27017, cluster0-shard-00-01.oyide.mongodb.net:27017, cluster0-shard-00-02.oyide.mongodb.net:27017], passives=[], arbiters=[], primary='cluster0-shard-00-01.oyide.mongodb.net:27017', tagSet=TagSet{[Tag{name='nodeType', value='ELECTABLE'}, Tag{name='provider', value='AWS'}, Tag{name='region', value='AP_SOUTHEAST_1'}, Tag{name='workloadType', value='OPERATIONAL'}]}, electionId=7fffffff000000000000004d, setVersion=7, topologyVersion=TopologyVersion{processId=6267fd44d0921c354e00d37e, counter=6}, lastWriteDate=Thu May 05 09:10:01 CST 2022, lastUpdateTimeNanos=578622013035600}
09:10:00.332 [cluster-ClusterId{value='626ba0048100f05cdf3a5800', description='null'}-cluster0-shard-00-01.oyide.mongodb.net:27017] INFO  o.m.driver.cluster - [info,71] - Discovered replica set primary cluster0-shard-00-01.oyide.mongodb.net:27017
09:10:00.333 [cluster-ClusterId{value='626ba0048100f05cdf3a5800', description='null'}-cluster0-shard-00-00.oyide.mongodb.net:27017] INFO  o.m.d.connection - [info,71] - Opened connection [connectionId{localValue:16, serverValue:186536}] to cluster0-shard-00-00.oyide.mongodb.net:27017
09:10:00.333 [cluster-ClusterId{value='626ba0048100f05cdf3a5800', description='null'}-cluster0-shard-00-00.oyide.mongodb.net:27017] INFO  o.m.driver.cluster - [info,71] - Monitor thread successfully connected to server with description ServerDescription{address=cluster0-shard-00-00.oyide.mongodb.net:27017, type=REPLICA_SET_SECONDARY, state=CONNECTED, ok=true, minWireVersion=0, maxWireVersion=13, maxDocumentSize=16777216, logicalSessionTimeoutMinutes=30, roundTripTimeNanos=277260300, setName='atlas-6luvbt-shard-0', canonicalAddress=cluster0-shard-00-00.oyide.mongodb.net:27017, hosts=[cluster0-shard-00-00.oyide.mongodb.net:27017, cluster0-shard-00-01.oyide.mongodb.net:27017, cluster0-shard-00-02.oyide.mongodb.net:27017], passives=[], arbiters=[], primary='cluster0-shard-00-01.oyide.mongodb.net:27017', tagSet=TagSet{[Tag{name='nodeType', value='ELECTABLE'}, Tag{name='provider', value='AWS'}, Tag{name='region', value='AP_SOUTHEAST_1'}, Tag{name='workloadType', value='OPERATIONAL'}]}, electionId=null, setVersion=7, topologyVersion=TopologyVersion{processId=6267fcf2ccc1a62046fb603c, counter=4}, lastWriteDate=Thu May 05 09:10:01 CST 2022, lastUpdateTimeNanos=578622015102200}
09:10:00.672 [cluster-ClusterId{value='626ba0048100f05cdf3a5800', description='null'}-cluster0-shard-00-02.oyide.mongodb.net:27017] INFO  o.m.d.connection - [info,71] - Opened connection [connectionId{localValue:15, serverValue:185937}] to cluster0-shard-00-02.oyide.mongodb.net:27017
09:10:00.673 [cluster-ClusterId{value='626ba0048100f05cdf3a5800', description='null'}-cluster0-shard-00-02.oyide.mongodb.net:27017] INFO  o.m.driver.cluster - [info,71] - Monitor thread successfully connected to server with description ServerDescription{address=cluster0-shard-00-02.oyide.mongodb.net:27017, type=REPLICA_SET_SECONDARY, state=CONNECTED, ok=true, minWireVersion=0, maxWireVersion=13, maxDocumentSize=16777216, logicalSessionTimeoutMinutes=30, roundTripTimeNanos=661447200, setName='atlas-6luvbt-shard-0', canonicalAddress=cluster0-shard-00-02.oyide.mongodb.net:27017, hosts=[cluster0-shard-00-00.oyide.mongodb.net:27017, cluster0-shard-00-01.oyide.mongodb.net:27017, cluster0-shard-00-02.oyide.mongodb.net:27017], passives=[], arbiters=[], primary='cluster0-shard-00-01.oyide.mongodb.net:27017', tagSet=TagSet{[Tag{name='nodeType', value='ELECTABLE'}, Tag{name='provider', value='AWS'}, Tag{name='region', value='AP_SOUTHEAST_1'}, Tag{name='workloadType', value='OPERATIONAL'}]}, electionId=null, setVersion=7, topologyVersion=TopologyVersion{processId=6267fd959051f260f0d7f95e, counter=3}, lastWriteDate=Thu May 05 09:10:01 CST 2022, lastUpdateTimeNanos=578622354719200}
09:10:07.917 [cluster-rtt-ClusterId{value='626ba0048100f05cdf3a5800', description='null'}-cluster0-shard-00-02.oyide.mongodb.net:27017] INFO  o.m.d.connection - [info,71] - Opened connection [connectionId{localValue:18, serverValue:185939}] to cluster0-shard-00-02.oyide.mongodb.net:27017
09:10:07.921 [cluster-rtt-ClusterId{value='626ba0048100f05cdf3a5800', description='null'}-cluster0-shard-00-00.oyide.mongodb.net:27017] INFO  o.m.d.connection - [info,71] - Opened connection [connectionId{localValue:19, serverValue:186538}] to cluster0-shard-00-00.oyide.mongodb.net:27017
09:10:08.225 [cluster-rtt-ClusterId{value='626ba0048100f05cdf3a5800', description='null'}-cluster0-shard-00-01.oyide.mongodb.net:27017] INFO  o.m.d.connection - [info,71] - Opened connection [connectionId{localValue:20, serverValue:189426}] to cluster0-shard-00-01.oyide.mongodb.net:27017
